<?xml version="1.0" encoding="UTF-8"?>
<!-- Generated by org.testng.reporters.JUnitXMLReporter -->
<testsuite ignored="0" hostname="DESKTOP-P48RNKU" failures="0" tests="3" name="Default test" time="12.278" errors="0" timestamp="2024-12-05T12:44:13 IST">
  <testcase classname="nmsTestcases.NmsLoginTestcases" name="authentication" time="3.661"/>
  <testcase classname="nmsTestcases.NmsLoginTestcases" name="authentication" time="2.523"/>
  <testcase classname="nmsTestcases.NmsPunchInTestcases" name="attendance" time="3.233"/>
</testsuite> <!-- Default test -->
