<?xml version="1.0" encoding="UTF-8"?>
<!-- Generated by org.testng.reporters.JUnitXMLReporter -->
<testsuite ignored="0" hostname="DESKTOP-P48RNKU" failures="0" tests="7" name="Test" time="176.563" errors="0" timestamp="2024-12-11T11:39:30 IST">
  <testcase classname="nmsTestcases.NmsLoginTestcases" name="authentication" time="3.219"/>
  <testcase classname="nmsTestcases.NmsLoginTestcases" name="authentication" time="2.414"/>
  <testcase classname="nmsTestcases.NmsPunchInTestcases" name="attendance" time="13.187"/>
  <testcase classname="nmsTestcases.NmsPunchInTestcases" name="attendance" time="31.136"/>
  <testcase classname="nmsTestcases.NmsPunchInTestcases" name="attendance" time="40.964"/>
  <testcase classname="nmsTestcases.NmsPunchInTestcases" name="attendance" time="41.41"/>
  <testcase classname="nmsTestcases.NmsPunchInTestcases" name="attendance" time="41.327"/>
</testsuite> <!-- Test -->
