<?xml version="1.0" encoding="UTF-8"?>
<testng-results ignored="0" total="7" passed="7" failed="0" skipped="0">
  <reporter-output>
  </reporter-output>
  <suite started-at="2024-12-11T11:36:33 IST" name="Suite" finished-at="2024-12-11T11:39:30 IST" duration-ms="176563">
    <groups>
    </groups>
    <test started-at="2024-12-11T11:36:33 IST" name="Test" finished-at="2024-12-11T11:39:30 IST" duration-ms="176563">
      <class name="nmsTestcases.NmsLoginTestcases">
        <test-method is-config="true" signature="loader()[pri:0, instance:nmsTestcases.NmsLoginTestcases@24aed80c]" started-at="2024-12-11T11:36:30 IST" name="loader" finished-at="2024-12-11T11:36:33 IST" duration-ms="3314" status="PASS">
          <reporter-output>
          </reporter-output>
        </test-method> <!-- loader -->
        <test-method is-config="true" signature="setUp()[pri:0, instance:nmsTestcases.NmsLoginTestcases@24aed80c]" started-at="2024-12-11T11:36:34 IST" name="setUp" finished-at="2024-12-11T11:36:34 IST" duration-ms="1" status="PASS">
          <reporter-output>
          </reporter-output>
        </test-method> <!-- setUp -->
        <test-method signature="authentication(java.lang.String,java.lang.String,java.lang.String,java.lang.String,java.lang.String,java.lang.String)[pri:0, instance:nmsTestcases.NmsLoginTestcases@24aed80c]" started-at="2024-12-11T11:36:36 IST" name="authentication" data-provider="ExcelData" finished-at="2024-12-11T11:36:39 IST" duration-ms="3219" status="PASS">
          <params>
            <param index="0">
              <value>
                <![CDATA[1.0]]>
              </value>
            </param>
            <param index="1">
              <value>
                <![CDATA[Verify that invalid credentials are not accepted]]>
              </value>
            </param>
            <param index="2">
              <value>
                <![CDATA[admin]]>
              </value>
            </param>
            <param index="3">
              <value>
                <![CDATA[admin123]]>
              </value>
            </param>
            <param index="4">
              <value>
                <![CDATA[Fail]]>
              </value>
            </param>
            <param index="5">
              <value>
                <![CDATA[nintriva]]>
              </value>
            </param>
          </params>
          <reporter-output>
          </reporter-output>
        </test-method> <!-- authentication -->
        <test-method signature="authentication(java.lang.String,java.lang.String,java.lang.String,java.lang.String,java.lang.String,java.lang.String)[pri:0, instance:nmsTestcases.NmsLoginTestcases@24aed80c]" started-at="2024-12-11T11:36:39 IST" name="authentication" data-provider="ExcelData" finished-at="2024-12-11T11:36:42 IST" duration-ms="2414" status="PASS">
          <params>
            <param index="0">
              <value>
                <![CDATA[2.0]]>
              </value>
            </param>
            <param index="1">
              <value>
                <![CDATA[Verify that the user login successfully with valid credentials]]>
              </value>
            </param>
            <param index="2">
              <value>
                <![CDATA[sreelakshmi.pb@nintriva.io]]>
              </value>
            </param>
            <param index="3">
              <value>
                <![CDATA[Sree@12345]]>
              </value>
            </param>
            <param index="4">
              <value>
                <![CDATA[Pass]]>
              </value>
            </param>
            <param index="5">
              <value>
                <![CDATA[nintriva]]>
              </value>
            </param>
          </params>
          <reporter-output>
          </reporter-output>
        </test-method> <!-- authentication -->
        <test-method is-config="true" signature="tearDown()[pri:0, instance:nmsTestcases.NmsLoginTestcases@24aed80c]" started-at="2024-12-11T11:39:30 IST" name="tearDown" finished-at="2024-12-11T11:39:30 IST" duration-ms="1" status="PASS">
          <reporter-output>
          </reporter-output>
        </test-method> <!-- tearDown -->
      </class> <!-- nmsTestcases.NmsLoginTestcases -->
      <class name="nmsTestcases.NmsPunchInTestcases">
        <test-method signature="attendance(java.lang.String,java.lang.String,java.lang.String,java.lang.String,java.lang.String,java.lang.String)[pri:0, instance:nmsTestcases.NmsPunchInTestcases@2925bf5b]" started-at="2024-12-11T11:36:42 IST" name="attendance" data-provider="ExcelData" finished-at="2024-12-11T11:36:55 IST" duration-ms="13187" status="PASS">
          <params>
            <param index="0">
              <value>
                <![CDATA[1.0]]>
              </value>
            </param>
            <param index="1">
              <value>
                <![CDATA[Verify that clicking the Punch-In button opens the punch-in popup.]]>
              </value>
            </param>
            <param index="2">
              <value>
                <![CDATA[N/A]]>
              </value>
            </param>
            <param index="3">
              <value>
                <![CDATA[N/A]]>
              </value>
            </param>
            <param index="4">
              <value>
                <![CDATA[N/A]]>
              </value>
            </param>
            <param index="5">
              <value>
                <![CDATA[Pass]]>
              </value>
            </param>
          </params>
          <reporter-output>
          </reporter-output>
        </test-method> <!-- attendance -->
        <test-method signature="attendance(java.lang.String,java.lang.String,java.lang.String,java.lang.String,java.lang.String,java.lang.String)[pri:0, instance:nmsTestcases.NmsPunchInTestcases@2925bf5b]" started-at="2024-12-11T11:36:55 IST" name="attendance" data-provider="ExcelData" finished-at="2024-12-11T11:37:26 IST" duration-ms="31136" status="PASS">
          <params>
            <param index="0">
              <value>
                <![CDATA[2.0]]>
              </value>
            </param>
            <param index="1">
              <value>
                <![CDATA[Verify that different workmode option can be selected ]]>
              </value>
            </param>
            <param index="2">
              <value>
                <![CDATA[WFH]]>
              </value>
            </param>
            <param index="3">
              <value>
                <![CDATA[N/A]]>
              </value>
            </param>
            <param index="4">
              <value>
                <![CDATA[N/A]]>
              </value>
            </param>
            <param index="5">
              <value>
                <![CDATA[Pass]]>
              </value>
            </param>
          </params>
          <reporter-output>
          </reporter-output>
        </test-method> <!-- attendance -->
        <test-method signature="attendance(java.lang.String,java.lang.String,java.lang.String,java.lang.String,java.lang.String,java.lang.String)[pri:0, instance:nmsTestcases.NmsPunchInTestcases@2925bf5b]" started-at="2024-12-11T11:37:26 IST" name="attendance" data-provider="ExcelData" finished-at="2024-12-11T11:38:07 IST" duration-ms="40964" status="PASS">
          <params>
            <param index="0">
              <value>
                <![CDATA[3.0]]>
              </value>
            </param>
            <param index="1">
              <value>
                <![CDATA[Verify that submit buttton can be clicked]]>
              </value>
            </param>
            <param index="2">
              <value>
                <![CDATA[WFH]]>
              </value>
            </param>
            <param index="3">
              <value>
                <![CDATA[NMS]]>
              </value>
            </param>
            <param index="4">
              <value>
                <![CDATA[Testing]]>
              </value>
            </param>
            <param index="5">
              <value>
                <![CDATA[Pass]]>
              </value>
            </param>
          </params>
          <reporter-output>
          </reporter-output>
        </test-method> <!-- attendance -->
        <test-method signature="attendance(java.lang.String,java.lang.String,java.lang.String,java.lang.String,java.lang.String,java.lang.String)[pri:0, instance:nmsTestcases.NmsPunchInTestcases@2925bf5b]" started-at="2024-12-11T11:38:07 IST" name="attendance" data-provider="ExcelData" finished-at="2024-12-11T11:38:49 IST" duration-ms="41410" status="PASS">
          <params>
            <param index="0">
              <value>
                <![CDATA[4.0]]>
              </value>
            </param>
            <param index="1">
              <value>
                <![CDATA[Verify that the dialogue box yes/no is clicked ]]>
              </value>
            </param>
            <param index="2">
              <value>
                <![CDATA[WFH]]>
              </value>
            </param>
            <param index="3">
              <value>
                <![CDATA[NMS]]>
              </value>
            </param>
            <param index="4">
              <value>
                <![CDATA[Testing]]>
              </value>
            </param>
            <param index="5">
              <value>
                <![CDATA[Pass]]>
              </value>
            </param>
          </params>
          <reporter-output>
          </reporter-output>
        </test-method> <!-- attendance -->
        <test-method signature="attendance(java.lang.String,java.lang.String,java.lang.String,java.lang.String,java.lang.String,java.lang.String)[pri:0, instance:nmsTestcases.NmsPunchInTestcases@2925bf5b]" started-at="2024-12-11T11:38:49 IST" name="attendance" data-provider="ExcelData" finished-at="2024-12-11T11:39:30 IST" duration-ms="41327" status="PASS">
          <params>
            <param index="0">
              <value>
                <![CDATA[5.0]]>
              </value>
            </param>
            <param index="1">
              <value>
                <![CDATA[Verify that after submitting the popup, redirects to punchboard tab to check the user punched in sucessfully]]>
              </value>
            </param>
            <param index="2">
              <value>
                <![CDATA[N/A]]>
              </value>
            </param>
            <param index="3">
              <value>
                <![CDATA[N/A]]>
              </value>
            </param>
            <param index="4">
              <value>
                <![CDATA[N/A]]>
              </value>
            </param>
            <param index="5">
              <value>
                <![CDATA[Pass]]>
              </value>
            </param>
          </params>
          <reporter-output>
          </reporter-output>
        </test-method> <!-- attendance -->
      </class> <!-- nmsTestcases.NmsPunchInTestcases -->
    </test> <!-- Test -->
  </suite> <!-- Suite -->
</testng-results>
